0 info it worked if it ends with ok
1 verbose cli [ '/usr/local/Cellar/node/5.0.0/bin/node',
1 verbose cli   '/usr/local/bin/npm',
1 verbose cli   'run-script',
1 verbose cli   'gulp' ]
2 info using npm@3.3.9
3 info using node@v5.0.0
4 verbose run-script [ 'pregulp', 'gulp', 'postgulp' ]
5 info lifecycle prices-app@0.0.1~pregulp: prices-app@0.0.1
6 silly lifecycle prices-app@0.0.1~pregulp: no script for pregulp, continuing
7 info lifecycle prices-app@0.0.1~gulp: prices-app@0.0.1
8 verbose lifecycle prices-app@0.0.1~gulp: unsafe-perm in lifecycle true
9 verbose lifecycle prices-app@0.0.1~gulp: PATH: /usr/local/lib/node_modules/npm/bin/node-gyp-bin:/Users/enver/RubymineProjects/prices/frontend/node_modules/.bin:/Users/enver/.rvm/gems/ruby-2.2.2/bin:/Users/enver/.rvm/gems/ruby-2.2.2@global/bin:/Users/enver/.rvm/rubies/ruby-2.2.2/bin:/usr/local/bin:/usr/bin:/bin:/usr/sbin:/sbin:/opt/ImageMagick/bin:/Users/enver/.rvm/bin
10 verbose lifecycle prices-app@0.0.1~gulp: CWD: /Users/enver/RubymineProjects/prices/frontend
11 silly lifecycle prices-app@0.0.1~gulp: Args: [ '-c', 'gulp --env=development' ]
12 silly lifecycle prices-app@0.0.1~gulp: Returned: code: 1  signal: null
13 info lifecycle prices-app@0.0.1~gulp: Failed to exec gulp script
14 verbose stack Error: prices-app@0.0.1 gulp: `gulp --env=development`
14 verbose stack Exit status 1
14 verbose stack     at EventEmitter.<anonymous> (/usr/local/lib/node_modules/npm/lib/utils/lifecycle.js:233:16)
14 verbose stack     at emitTwo (events.js:87:13)
14 verbose stack     at EventEmitter.emit (events.js:172:7)
14 verbose stack     at ChildProcess.<anonymous> (/usr/local/lib/node_modules/npm/lib/utils/spawn.js:24:14)
14 verbose stack     at emitTwo (events.js:87:13)
14 verbose stack     at ChildProcess.emit (events.js:172:7)
14 verbose stack     at maybeClose (internal/child_process.js:818:16)
14 verbose stack     at Process.ChildProcess._handle.onexit (internal/child_process.js:211:5)
15 verbose pkgid prices-app@0.0.1
16 verbose cwd /Users/enver/RubymineProjects/prices/frontend
17 error Darwin 15.4.0
18 error argv "/usr/local/Cellar/node/5.0.0/bin/node" "/usr/local/bin/npm" "run-script" "gulp"
19 error node v5.0.0
20 error npm  v3.3.9
21 error code ELIFECYCLE
22 error prices-app@0.0.1 gulp: `gulp --env=development`
22 error Exit status 1
23 error Failed at the prices-app@0.0.1 gulp script 'gulp --env=development'.
23 error This is most likely a problem with the prices-app package,
23 error not with npm itself.
23 error Tell the author that this fails on your system:
23 error     gulp --env=development
23 error You can get their info via:
23 error     npm owner ls prices-app
23 error There is likely additional logging output above.
24 verbose exit [ 1, true ]
